\BOOKMARK [0][-]{chapter.1}{\376\377\000C\000l\000a\000s\000s\000\040\000I\000n\000d\000e\000x}{}% 1
\BOOKMARK [1][-]{section.1.1}{\376\377\000C\000l\000a\000s\000s\000\040\000L\000i\000s\000t}{chapter.1}% 2
\BOOKMARK [0][-]{chapter.2}{\376\377\000F\000i\000l\000e\000\040\000I\000n\000d\000e\000x}{}% 3
\BOOKMARK [1][-]{section.2.1}{\376\377\000F\000i\000l\000e\000\040\000L\000i\000s\000t}{chapter.2}% 4
\BOOKMARK [0][-]{chapter.3}{\376\377\000C\000l\000a\000s\000s\000\040\000D\000o\000c\000u\000m\000e\000n\000t\000a\000t\000i\000o\000n}{}% 5
\BOOKMARK [1][-]{section.3.1}{\376\377\000e\000x\000p\000r\000e\000s\000s\000i\000o\000n\000P\000a\000r\000s\000e\000r\000\040\000C\000l\000a\000s\000s\000\040\000R\000e\000f\000e\000r\000e\000n\000c\000e}{chapter.3}% 6
\BOOKMARK [2][-]{subsection.3.1.1}{\376\377\000M\000e\000m\000b\000e\000r\000\040\000E\000n\000u\000m\000e\000r\000a\000t\000i\000o\000n\000\040\000D\000o\000c\000u\000m\000e\000n\000t\000a\000t\000i\000o\000n}{section.3.1}% 7
\BOOKMARK [3][-]{subsubsection.3.1.1.1}{\376\377\000o\000p\000e\000r\000a\000t\000o\000r\000T\000y\000p\000e}{subsection.3.1.1}% 8
\BOOKMARK [2][-]{subsection.3.1.2}{\376\377\000C\000o\000n\000s\000t\000r\000u\000c\000t\000o\000r\000\040\000\046\000\040\000D\000e\000s\000t\000r\000u\000c\000t\000o\000r\000\040\000D\000o\000c\000u\000m\000e\000n\000t\000a\000t\000i\000o\000n}{section.3.1}% 9
\BOOKMARK [3][-]{subsubsection.3.1.2.1}{\376\377\000e\000x\000p\000r\000e\000s\000s\000i\000o\000n\000P\000a\000r\000s\000e\000r}{subsection.3.1.2}% 10
\BOOKMARK [3][-]{subsubsection.3.1.2.2}{\376\377\000e\000x\000p\000r\000e\000s\000s\000i\000o\000n\000P\000a\000r\000s\000e\000r}{subsection.3.1.2}% 11
\BOOKMARK [2][-]{subsection.3.1.3}{\376\377\000M\000e\000m\000b\000e\000r\000\040\000F\000u\000n\000c\000t\000i\000o\000n\000\040\000D\000o\000c\000u\000m\000e\000n\000t\000a\000t\000i\000o\000n}{section.3.1}% 12
\BOOKMARK [3][-]{subsubsection.3.1.3.1}{\376\377\000g\000e\000t\000P\000o\000s\000t\000F\000i\000x\000e\000d\000E\000x\000p\000r\000e\000s\000s\000i\000o\000n}{subsection.3.1.3}% 13
\BOOKMARK [3][-]{subsubsection.3.1.3.2}{\376\377\000g\000e\000t\000P\000r\000e\000c\000e\000d\000e\000n\000c\000e}{subsection.3.1.3}% 14
\BOOKMARK [3][-]{subsubsection.3.1.3.3}{\376\377\000i\000s\000O\000p\000e\000r\000a\000n\000d}{subsection.3.1.3}% 15
\BOOKMARK [3][-]{subsubsection.3.1.3.4}{\376\377\000i\000s\000O\000p\000e\000r\000a\000t\000o\000r}{subsection.3.1.3}% 16
\BOOKMARK [3][-]{subsubsection.3.1.3.5}{\376\377\000s\000h\000u\000n\000t\000i\000n\000g\000Y\000a\000r\000d}{subsection.3.1.3}% 17
\BOOKMARK [2][-]{subsection.3.1.4}{\376\377\000M\000e\000m\000b\000e\000r\000\040\000D\000a\000t\000a\000\040\000D\000o\000c\000u\000m\000e\000n\000t\000a\000t\000i\000o\000n}{section.3.1}% 18
\BOOKMARK [3][-]{subsubsection.3.1.4.1}{\376\377\000e\000x\000p\000e\000c\000t\000e\000d\000O\000p\000e\000r\000a\000t\000o\000r\000T\000y\000p\000e}{subsection.3.1.4}% 19
\BOOKMARK [3][-]{subsubsection.3.1.4.2}{\376\377\000i\000n\000F\000i\000x\000E\000x\000p\000r\000e\000s\000s\000i\000o\000n}{subsection.3.1.4}% 20
\BOOKMARK [3][-]{subsubsection.3.1.4.3}{\376\377\000o\000p\000e\000r\000a\000t\000o\000r\000P\000r\000e\000c\000e\000d\000e\000n\000c\000e\000T\000a\000b\000l\000e}{subsection.3.1.4}% 21
\BOOKMARK [3][-]{subsubsection.3.1.4.4}{\376\377\000p\000o\000s\000t\000F\000i\000x\000E\000x\000p\000r\000e\000s\000s\000i\000o\000n}{subsection.3.1.4}% 22
\BOOKMARK [1][-]{section.3.2}{\376\377\000e\000x\000p\000r\000e\000s\000s\000i\000o\000n\000S\000o\000l\000v\000e\000r\000\040\000C\000l\000a\000s\000s\000\040\000R\000e\000f\000e\000r\000e\000n\000c\000e}{chapter.3}% 23
\BOOKMARK [2][-]{subsection.3.2.1}{\376\377\000C\000o\000n\000s\000t\000r\000u\000c\000t\000o\000r\000\040\000\046\000\040\000D\000e\000s\000t\000r\000u\000c\000t\000o\000r\000\040\000D\000o\000c\000u\000m\000e\000n\000t\000a\000t\000i\000o\000n}{section.3.2}% 24
\BOOKMARK [3][-]{subsubsection.3.2.1.1}{\376\377\000e\000x\000p\000r\000e\000s\000s\000i\000o\000n\000S\000o\000l\000v\000e\000r}{subsection.3.2.1}% 25
\BOOKMARK [3][-]{subsubsection.3.2.1.2}{\376\377\000e\000x\000p\000r\000e\000s\000s\000i\000o\000n\000S\000o\000l\000v\000e\000r}{subsection.3.2.1}% 26
\BOOKMARK [2][-]{subsection.3.2.2}{\376\377\000M\000e\000m\000b\000e\000r\000\040\000F\000u\000n\000c\000t\000i\000o\000n\000\040\000D\000o\000c\000u\000m\000e\000n\000t\000a\000t\000i\000o\000n}{section.3.2}% 27
\BOOKMARK [3][-]{subsubsection.3.2.2.1}{\376\377\000i\000s\000O\000p\000e\000r\000a\000t\000o\000r}{subsection.3.2.2}% 28
\BOOKMARK [3][-]{subsubsection.3.2.2.2}{\376\377\000p\000u\000s\000h\000O\000p\000e\000r\000a\000n\000d\000T\000o\000S\000t\000a\000c\000k}{subsection.3.2.2}% 29
\BOOKMARK [3][-]{subsubsection.3.2.2.3}{\376\377\000s\000o\000l\000v\000e\000E\000x\000p\000r\000e\000s\000s\000i\000o\000n}{subsection.3.2.2}% 30
\BOOKMARK [3][-]{subsubsection.3.2.2.4}{\376\377\000u\000s\000e\000O\000p\000e\000r\000a\000t\000o\000r}{subsection.3.2.2}% 31
\BOOKMARK [2][-]{subsection.3.2.3}{\376\377\000M\000e\000m\000b\000e\000r\000\040\000D\000a\000t\000a\000\040\000D\000o\000c\000u\000m\000e\000n\000t\000a\000t\000i\000o\000n}{section.3.2}% 32
\BOOKMARK [3][-]{subsubsection.3.2.3.1}{\376\377\000p\000o\000s\000t\000F\000i\000x\000e\000d\000E\000x\000p\000r\000e\000s\000s\000i\000o\000n}{subsection.3.2.3}% 33
\BOOKMARK [1][-]{section.3.3}{\376\377\000f\000r\000a\000c\000\040\000C\000l\000a\000s\000s\000\040\000R\000e\000f\000e\000r\000e\000n\000c\000e}{chapter.3}% 34
\BOOKMARK [2][-]{subsection.3.3.1}{\376\377\000C\000o\000n\000s\000t\000r\000u\000c\000t\000o\000r\000\040\000\046\000\040\000D\000e\000s\000t\000r\000u\000c\000t\000o\000r\000\040\000D\000o\000c\000u\000m\000e\000n\000t\000a\000t\000i\000o\000n}{section.3.3}% 35
\BOOKMARK [3][-]{subsubsection.3.3.1.1}{\376\377\000f\000r\000a\000c}{subsection.3.3.1}% 36
\BOOKMARK [3][-]{subsubsection.3.3.1.2}{\376\377\000f\000r\000a\000c}{subsection.3.3.1}% 37
\BOOKMARK [3][-]{subsubsection.3.3.1.3}{\376\377\000f\000r\000a\000c}{subsection.3.3.1}% 38
\BOOKMARK [3][-]{subsubsection.3.3.1.4}{\376\377\000f\000r\000a\000c}{subsection.3.3.1}% 39
\BOOKMARK [2][-]{subsection.3.3.2}{\376\377\000M\000e\000m\000b\000e\000r\000\040\000F\000u\000n\000c\000t\000i\000o\000n\000\040\000D\000o\000c\000u\000m\000e\000n\000t\000a\000t\000i\000o\000n}{section.3.3}% 40
\BOOKMARK [3][-]{subsubsection.3.3.2.1}{\376\377\000c\000l\000o\000n\000e}{subsection.3.3.2}% 41
\BOOKMARK [3][-]{subsubsection.3.3.2.2}{\376\377\000d\000i\000s\000p\000l\000a\000y}{subsection.3.3.2}% 42
\BOOKMARK [3][-]{subsubsection.3.3.2.3}{\376\377\000g\000e\000t\000D\000i\000n\000o\000m\000i\000n\000a\000t\000o\000r}{subsection.3.3.2}% 43
\BOOKMARK [3][-]{subsubsection.3.3.2.4}{\376\377\000g\000e\000t\000G\000c\000d}{subsection.3.3.2}% 44
\BOOKMARK [3][-]{subsubsection.3.3.2.5}{\376\377\000g\000e\000t\000L\000c\000m}{subsection.3.3.2}% 45
\BOOKMARK [3][-]{subsubsection.3.3.2.6}{\376\377\000g\000e\000t\000N\000u\000m\000e\000r\000a\000t\000o\000r}{subsection.3.3.2}% 46
\BOOKMARK [3][-]{subsubsection.3.3.2.7}{\376\377\000o\000p\000e\000r\000a\000t\000o\000r}{subsection.3.3.2}% 47
\BOOKMARK [3][-]{subsubsection.3.3.2.8}{\376\377\000o\000p\000e\000r\000a\000t\000o\000r\000+}{subsection.3.3.2}% 48
\BOOKMARK [3][-]{subsubsection.3.3.2.9}{\376\377\000o\000p\000e\000r\000a\000t\000o\000r\000-}{subsection.3.3.2}% 49
\BOOKMARK [3][-]{subsubsection.3.3.2.10}{\376\377\000o\000p\000e\000r\000a\000t\000o\000r\000-}{subsection.3.3.2}% 50
\BOOKMARK [3][-]{subsubsection.3.3.2.11}{\376\377\000o\000p\000e\000r\000a\000t\000o\000r\000/}{subsection.3.3.2}% 51
\BOOKMARK [3][-]{subsubsection.3.3.2.12}{\376\377\000r\000e\000d\000u\000c\000e\000F\000r\000a\000c\000t\000i\000o\000n}{subsection.3.3.2}% 52
\BOOKMARK [2][-]{subsection.3.3.3}{\376\377\000M\000e\000m\000b\000e\000r\000\040\000D\000a\000t\000a\000\040\000D\000o\000c\000u\000m\000e\000n\000t\000a\000t\000i\000o\000n}{section.3.3}% 53
\BOOKMARK [3][-]{subsubsection.3.3.3.1}{\376\377\000d\000i\000n\000o\000m\000i\000n\000a\000t\000o\000r}{subsection.3.3.3}% 54
\BOOKMARK [3][-]{subsubsection.3.3.3.2}{\376\377\000n\000u\000m\000e\000r\000a\000t\000o\000r}{subsection.3.3.3}% 55
\BOOKMARK [0][-]{chapter.4}{\376\377\000F\000i\000l\000e\000\040\000D\000o\000c\000u\000m\000e\000n\000t\000a\000t\000i\000o\000n}{}% 56
\BOOKMARK [1][-]{section.4.1}{\376\377\000/\000U\000s\000e\000r\000s\000/\000p\000h\000a\000n\000i\000n\000d\000r\000a\000b\000h\000a\000g\000a\000v\000a\000t\000u\000l\000a\000/\000E\000v\000e\000r\000y\000t\000h\000i\000n\000g\000\040\000U\000s\000e\000f\000u\000l\000/\000e\000c\000l\000i\000p\000s\000e\000/\000F\000r\000a\000c\000t\000i\000o\000n\000/\000s\000r\000c\000/\000e\000x\000p\000r\000e\000s\000s\000i\000o\000n\000P\000a\000r\000s\000e\000r\000.\000c\000p\000p\000\040\000F\000i\000l\000e\000\040\000R\000e\000f\000e\000r\000e\000n\000c\000e}{chapter.4}% 57
\BOOKMARK [1][-]{section.4.2}{\376\377\000/\000U\000s\000e\000r\000s\000/\000p\000h\000a\000n\000i\000n\000d\000r\000a\000b\000h\000a\000g\000a\000v\000a\000t\000u\000l\000a\000/\000E\000v\000e\000r\000y\000t\000h\000i\000n\000g\000\040\000U\000s\000e\000f\000u\000l\000/\000e\000c\000l\000i\000p\000s\000e\000/\000F\000r\000a\000c\000t\000i\000o\000n\000/\000s\000r\000c\000/\000e\000x\000p\000r\000e\000s\000s\000i\000o\000n\000P\000a\000r\000s\000e\000r\000.\000h\000\040\000F\000i\000l\000e\000\040\000R\000e\000f\000e\000r\000e\000n\000c\000e}{chapter.4}% 58
\BOOKMARK [1][-]{section.4.3}{\376\377\000/\000U\000s\000e\000r\000s\000/\000p\000h\000a\000n\000i\000n\000d\000r\000a\000b\000h\000a\000g\000a\000v\000a\000t\000u\000l\000a\000/\000E\000v\000e\000r\000y\000t\000h\000i\000n\000g\000\040\000U\000s\000e\000f\000u\000l\000/\000e\000c\000l\000i\000p\000s\000e\000/\000F\000r\000a\000c\000t\000i\000o\000n\000/\000s\000r\000c\000/\000e\000x\000p\000r\000e\000s\000s\000i\000o\000n\000S\000o\000l\000v\000e\000r\000.\000c\000p\000p\000\040\000F\000i\000l\000e\000\040\000R\000e\000f\000e\000r\000e\000n\000c\000e}{chapter.4}% 59
\BOOKMARK [1][-]{section.4.4}{\376\377\000/\000U\000s\000e\000r\000s\000/\000p\000h\000a\000n\000i\000n\000d\000r\000a\000b\000h\000a\000g\000a\000v\000a\000t\000u\000l\000a\000/\000E\000v\000e\000r\000y\000t\000h\000i\000n\000g\000\040\000U\000s\000e\000f\000u\000l\000/\000e\000c\000l\000i\000p\000s\000e\000/\000F\000r\000a\000c\000t\000i\000o\000n\000/\000s\000r\000c\000/\000e\000x\000p\000r\000e\000s\000s\000i\000o\000n\000S\000o\000l\000v\000e\000r\000.\000h\000\040\000F\000i\000l\000e\000\040\000R\000e\000f\000e\000r\000e\000n\000c\000e}{chapter.4}% 60
\BOOKMARK [1][-]{section.4.5}{\376\377\000/\000U\000s\000e\000r\000s\000/\000p\000h\000a\000n\000i\000n\000d\000r\000a\000b\000h\000a\000g\000a\000v\000a\000t\000u\000l\000a\000/\000E\000v\000e\000r\000y\000t\000h\000i\000n\000g\000\040\000U\000s\000e\000f\000u\000l\000/\000e\000c\000l\000i\000p\000s\000e\000/\000F\000r\000a\000c\000t\000i\000o\000n\000/\000s\000r\000c\000/\000f\000r\000a\000c\000.\000c\000p\000p\000\040\000F\000i\000l\000e\000\040\000R\000e\000f\000e\000r\000e\000n\000c\000e}{chapter.4}% 61
\BOOKMARK [1][-]{section.4.6}{\376\377\000/\000U\000s\000e\000r\000s\000/\000p\000h\000a\000n\000i\000n\000d\000r\000a\000b\000h\000a\000g\000a\000v\000a\000t\000u\000l\000a\000/\000E\000v\000e\000r\000y\000t\000h\000i\000n\000g\000\040\000U\000s\000e\000f\000u\000l\000/\000e\000c\000l\000i\000p\000s\000e\000/\000F\000r\000a\000c\000t\000i\000o\000n\000/\000s\000r\000c\000/\000f\000r\000a\000c\000.\000h\000\040\000F\000i\000l\000e\000\040\000R\000e\000f\000e\000r\000e\000n\000c\000e}{chapter.4}% 62
\BOOKMARK [1][-]{section.4.7}{\376\377\000/\000U\000s\000e\000r\000s\000/\000p\000h\000a\000n\000i\000n\000d\000r\000a\000b\000h\000a\000g\000a\000v\000a\000t\000u\000l\000a\000/\000E\000v\000e\000r\000y\000t\000h\000i\000n\000g\000\040\000U\000s\000e\000f\000u\000l\000/\000e\000c\000l\000i\000p\000s\000e\000/\000F\000r\000a\000c\000t\000i\000o\000n\000/\000s\000r\000c\000/\000F\000r\000a\000c\000t\000i\000o\000n\000.\000c\000p\000p\000\040\000F\000i\000l\000e\000\040\000R\000e\000f\000e\000r\000e\000n\000c\000e}{chapter.4}% 63
\BOOKMARK [2][-]{subsection.4.7.1}{\376\377\000F\000u\000n\000c\000t\000i\000o\000n\000\040\000D\000o\000c\000u\000m\000e\000n\000t\000a\000t\000i\000o\000n}{section.4.7}% 64
\BOOKMARK [3][-]{subsubsection.4.7.1.1}{\376\377\000m\000a\000i\000n}{subsection.4.7.1}% 65
\BOOKMARK [3][-]{subsubsection.4.7.1.2}{\376\377\000t\000e\000r\000m\000i\000n\000a\000t\000o\000r}{subsection.4.7.1}% 66
